<?xml version="1.0" encoding="UTF-8"?>
<coverage generated="1716541377739" clover="3.2.0">
  <project timestamp="1716541377740" name="All files">
    <metrics statements="166" coveredstatements="98" conditionals="98" coveredconditionals="47" methods="36" coveredmethods="27" elements="300" coveredelements="172" complexity="0" loc="166" ncloc="166" packages="12" files="17" classes="17"/>
    <package name="src">
      <metrics statements="5" coveredstatements="1" conditionals="2" coveredconditionals="0" methods="1" coveredmethods="1"/>
      <file name="App.tsx" path="D:\Work\ApplyAsignments\Kasper\calculator\src\App.tsx">
        <metrics statements="1" coveredstatements="1" conditionals="0" coveredconditionals="0" methods="1" coveredmethods="1"/>
        <line num="7" count="1" type="stmt"/>
      </file>
      <file name="index.tsx" path="D:\Work\ApplyAsignments\Kasper\calculator\src\index.tsx">
        <metrics statements="4" coveredstatements="0" conditionals="2" coveredconditionals="0" methods="0" coveredmethods="0"/>
        <line num="6" count="0" type="stmt"/>
        <line num="7" count="0" type="cond" truecount="0" falsecount="2"/>
        <line num="8" count="0" type="stmt"/>
        <line num="9" count="0" type="stmt"/>
      </file>
    </package>
    <package name="src.components.Calculator">
      <metrics statements="11" coveredstatements="11" conditionals="6" coveredconditionals="5" methods="9" coveredmethods="9"/>
      <file name="index.tsx" path="D:\Work\ApplyAsignments\Kasper\calculator\src\components\Calculator\index.tsx">
        <metrics statements="11" coveredstatements="11" conditionals="6" coveredconditionals="5" methods="9" coveredmethods="9"/>
        <line num="9" count="2" type="stmt"/>
        <line num="10" count="37" type="stmt"/>
        <line num="12" count="37" type="stmt"/>
        <line num="20" count="1" type="cond" truecount="1" falsecount="1"/>
        <line num="23" count="1" type="stmt"/>
        <line num="24" count="1" type="stmt"/>
        <line num="28" count="370" type="stmt"/>
        <line num="31" count="15" type="stmt"/>
        <line num="37" count="1" type="stmt"/>
        <line num="45" count="222" type="cond" truecount="2" falsecount="0"/>
        <line num="49" count="9" type="stmt"/>
      </file>
    </package>
    <package name="src.components.CalculatorDislayKey">
      <metrics statements="4" coveredstatements="3" conditionals="3" coveredconditionals="1" methods="2" coveredmethods="1"/>
      <file name="index.tsx" path="D:\Work\ApplyAsignments\Kasper\calculator\src\components\CalculatorDislayKey\index.tsx">
        <metrics statements="4" coveredstatements="3" conditionals="3" coveredconditionals="1" methods="2" coveredmethods="1"/>
        <line num="8" count="3" type="cond" truecount="0" falsecount="1"/>
        <line num="9" count="50" type="stmt"/>
        <line num="11" count="50" type="stmt"/>
        <line num="15" count="0" type="stmt"/>
      </file>
    </package>
    <package name="src.components.CalculatorDisplay">
      <metrics statements="14" coveredstatements="12" conditionals="9" coveredconditionals="4" methods="3" coveredmethods="3"/>
      <file name="index.tsx" path="D:\Work\ApplyAsignments\Kasper\calculator\src\components\CalculatorDisplay\index.tsx">
        <metrics statements="14" coveredstatements="12" conditionals="9" coveredconditionals="4" methods="3" coveredmethods="3"/>
        <line num="10" count="2" type="cond" truecount="0" falsecount="1"/>
        <line num="11" count="37" type="stmt"/>
        <line num="12" count="37" type="stmt"/>
        <line num="13" count="37" type="stmt"/>
        <line num="16" count="37" type="stmt"/>
        <line num="17" count="37" type="stmt"/>
        <line num="18" count="37" type="stmt"/>
        <line num="19" count="37" type="cond" truecount="2" falsecount="2"/>
        <line num="20" count="37" type="cond" truecount="1" falsecount="1"/>
        <line num="21" count="0" type="stmt"/>
        <line num="22" count="37" type="cond" truecount="1" falsecount="1"/>
        <line num="23" count="0" type="stmt"/>
        <line num="27" count="37" type="stmt"/>
        <line num="43" count="49" type="stmt"/>
      </file>
    </package>
    <package name="src.components.CalculatorKey">
      <metrics statements="2" coveredstatements="2" conditionals="0" coveredconditionals="0" methods="1" coveredmethods="1"/>
      <file name="index.tsx" path="D:\Work\ApplyAsignments\Kasper\calculator\src\components\CalculatorKey\index.tsx">
        <metrics statements="2" coveredstatements="2" conditionals="0" coveredconditionals="0" methods="1" coveredmethods="1"/>
        <line num="11" count="3" type="stmt"/>
        <line num="12" count="706" type="stmt"/>
      </file>
    </package>
    <package name="src.hooks">
      <metrics statements="35" coveredstatements="12" conditionals="18" coveredconditionals="2" methods="5" coveredmethods="4"/>
      <file name="index.ts" path="D:\Work\ApplyAsignments\Kasper\calculator\src\hooks\index.ts">
        <metrics statements="0" coveredstatements="0" conditionals="0" coveredconditionals="0" methods="0" coveredmethods="0"/>
      </file>
      <file name="useCalculator.ts" path="D:\Work\ApplyAsignments\Kasper\calculator\src\hooks\useCalculator.ts">
        <metrics statements="35" coveredstatements="12" conditionals="18" coveredconditionals="2" methods="5" coveredmethods="4"/>
        <line num="6" count="2" type="stmt"/>
        <line num="7" count="37" type="stmt"/>
        <line num="9" count="37" type="stmt"/>
        <line num="10" count="28" type="cond" truecount="2" falsecount="0"/>
        <line num="11" count="24" type="stmt"/>
        <line num="13" count="4" type="stmt"/>
        <line num="17" count="37" type="stmt"/>
        <line num="18" count="0" type="cond" truecount="0" falsecount="2"/>
        <line num="19" count="0" type="stmt"/>
        <line num="20" count="0" type="stmt"/>
        <line num="24" count="0" type="cond" truecount="0" falsecount="2"/>
        <line num="25" count="0" type="stmt"/>
        <line num="26" count="0" type="stmt"/>
        <line num="30" count="0" type="cond" truecount="0" falsecount="2"/>
        <line num="31" count="0" type="stmt"/>
        <line num="32" count="0" type="stmt"/>
        <line num="35" count="0" type="cond" truecount="0" falsecount="2"/>
        <line num="36" count="0" type="stmt"/>
        <line num="37" count="0" type="stmt"/>
        <line num="40" count="0" type="cond" truecount="0" falsecount="2"/>
        <line num="41" count="0" type="stmt"/>
        <line num="42" count="0" type="stmt"/>
        <line num="45" count="0" type="cond" truecount="0" falsecount="2"/>
        <line num="46" count="0" type="stmt"/>
        <line num="47" count="0" type="stmt"/>
        <line num="50" count="0" type="cond" truecount="0" falsecount="2"/>
        <line num="51" count="0" type="stmt"/>
        <line num="53" count="0" type="cond" truecount="0" falsecount="2"/>
        <line num="54" count="0" type="stmt"/>
        <line num="58" count="0" type="stmt"/>
        <line num="65" count="37" type="stmt"/>
        <line num="66" count="37" type="stmt"/>
        <line num="68" count="37" type="stmt"/>
        <line num="69" count="37" type="stmt"/>
        <line num="73" count="37" type="stmt"/>
      </file>
    </package>
    <package name="src.hooks.reducer">
      <metrics statements="37" coveredstatements="31" conditionals="31" coveredconditionals="22" methods="1" coveredmethods="1"/>
      <file name="index.ts" path="D:\Work\ApplyAsignments\Kasper\calculator\src\hooks\reducer\index.ts">
        <metrics statements="0" coveredstatements="0" conditionals="0" coveredconditionals="0" methods="0" coveredmethods="0"/>
      </file>
      <file name="reducer.ts" path="D:\Work\ApplyAsignments\Kasper\calculator\src\hooks\reducer\reducer.ts">
        <metrics statements="37" coveredstatements="31" conditionals="31" coveredconditionals="22" methods="1" coveredmethods="1"/>
        <line num="38" count="2" type="stmt"/>
        <line num="46" count="2" type="stmt"/>
        <line num="50" count="28" type="cond" truecount="6" falsecount="3"/>
        <line num="52" count="15" type="cond" truecount="2" falsecount="0"/>
        <line num="53" count="5" type="stmt"/>
        <line num="60" count="10" type="stmt"/>
        <line num="66" count="1" type="cond" truecount="1" falsecount="1"/>
        <line num="67" count="0" type="stmt"/>
        <line num="74" count="1" type="stmt"/>
        <line num="82" count="1" type="cond" truecount="1" falsecount="1"/>
        <line num="83" count="1" type="stmt"/>
        <line num="84" count="1" type="stmt"/>
        <line num="86" count="1" type="stmt"/>
        <line num="92" count="0" type="stmt"/>
        <line num="96" count="1" type="stmt"/>
        <line num="98" count="1" type="stmt"/>
        <line num="105" count="0" type="stmt"/>
        <line num="111" count="1" type="stmt"/>
        <line num="117" count="9" type="stmt"/>
        <line num="119" count="9" type="cond" truecount="2" falsecount="0"/>
        <line num="120" count="4" type="stmt"/>
        <line num="121" count="4" type="stmt"/>
        <line num="123" count="4" type="stmt"/>
        <line num="124" count="4" type="stmt"/>
        <line num="126" count="4" type="cond" truecount="2" falsecount="0"/>
        <line num="127" count="4" type="stmt"/>
        <line num="128" count="4" type="stmt"/>
        <line num="129" count="4" type="stmt"/>
        <line num="131" count="4" type="stmt"/>
        <line num="140" count="0" type="stmt"/>
        <line num="150" count="5" type="cond" truecount="4" falsecount="0"/>
        <line num="151" count="1" type="cond" truecount="1" falsecount="1"/>
        <line num="152" count="1" type="stmt"/>
        <line num="154" count="1" type="stmt"/>
        <line num="164" count="4" type="stmt"/>
        <line num="174" count="0" type="stmt"/>
        <line num="177" count="0" type="stmt"/>
      </file>
    </package>
    <package name="src.layouts">
      <metrics statements="1" coveredstatements="1" conditionals="0" coveredconditionals="0" methods="1" coveredmethods="1"/>
      <file name="index.tsx" path="D:\Work\ApplyAsignments\Kasper\calculator\src\layouts\index.tsx">
        <metrics statements="1" coveredstatements="1" conditionals="0" coveredconditionals="0" methods="1" coveredmethods="1"/>
        <line num="5" count="1" type="stmt"/>
      </file>
    </package>
    <package name="src.pages.History">
      <metrics statements="12" coveredstatements="12" conditionals="8" coveredconditionals="7" methods="3" coveredmethods="3"/>
      <file name="index.tsx" path="D:\Work\ApplyAsignments\Kasper\calculator\src\pages\History\index.tsx">
        <metrics statements="12" coveredstatements="12" conditionals="8" coveredconditionals="7" methods="3" coveredmethods="3"/>
        <line num="3" count="2" type="stmt"/>
        <line num="4" count="5" type="stmt"/>
        <line num="6" count="5" type="stmt"/>
        <line num="7" count="3" type="cond" truecount="1" falsecount="1"/>
        <line num="9" count="3" type="cond" truecount="2" falsecount="0"/>
        <line num="10" count="2" type="stmt"/>
        <line num="11" count="2" type="stmt"/>
        <line num="12" count="8" type="cond" truecount="2" falsecount="0"/>
        <line num="13" count="4" type="stmt"/>
        <line num="17" count="2" type="stmt"/>
        <line num="21" count="5" type="stmt"/>
        <line num="29" count="6" type="stmt"/>
      </file>
    </package>
    <package name="src.pages.Home">
      <metrics statements="1" coveredstatements="1" conditionals="0" coveredconditionals="0" methods="1" coveredmethods="1"/>
      <file name="index.tsx" path="D:\Work\ApplyAsignments\Kasper\calculator\src\pages\Home\index.tsx">
        <metrics statements="1" coveredstatements="1" conditionals="0" coveredconditionals="0" methods="1" coveredmethods="1"/>
        <line num="5" count="1" type="stmt"/>
      </file>
    </package>
    <package name="src.types">
      <metrics statements="0" coveredstatements="0" conditionals="0" coveredconditionals="0" methods="0" coveredmethods="0"/>
      <file name="index.ts" path="D:\Work\ApplyAsignments\Kasper\calculator\src\types\index.ts">
        <metrics statements="0" coveredstatements="0" conditionals="0" coveredconditionals="0" methods="0" coveredmethods="0"/>
      </file>
      <file name="typings.d.ts" path="D:\Work\ApplyAsignments\Kasper\calculator\src\types\typings.d.ts">
        <metrics statements="0" coveredstatements="0" conditionals="0" coveredconditionals="0" methods="0" coveredmethods="0"/>
      </file>
    </package>
    <package name="src.utils">
      <metrics statements="44" coveredstatements="12" conditionals="21" coveredconditionals="6" methods="9" coveredmethods="2"/>
      <file name="helpers.ts" path="D:\Work\ApplyAsignments\Kasper\calculator\src\utils\helpers.ts">
        <metrics statements="44" coveredstatements="12" conditionals="21" coveredconditionals="6" methods="9" coveredmethods="2"/>
        <line num="3" count="2" type="stmt"/>
        <line num="5" count="2" type="stmt"/>
        <line num="10" count="0" type="stmt"/>
        <line num="16" count="0" type="stmt"/>
        <line num="22" count="0" type="stmt"/>
        <line num="28" count="1" type="stmt"/>
        <line num="34" count="0" type="stmt"/>
        <line num="40" count="0" type="stmt"/>
        <line num="44" count="2" type="stmt"/>
        <line num="45" count="74" type="cond" truecount="1" falsecount="1"/>
        <line num="47" count="74" type="stmt"/>
        <line num="52" count="74" type="stmt"/>
        <line num="54" count="74" type="cond" truecount="2" falsecount="0"/>
        <line num="55" count="6" type="cond" truecount="2" falsecount="0"/>
        <line num="58" count="74" type="cond" truecount="1" falsecount="1"/>
        <line num="61" count="2" type="stmt"/>
        <line num="62" count="0" type="stmt"/>
        <line num="64" count="0" type="stmt"/>
        <line num="65" count="0" type="cond" truecount="0" falsecount="2"/>
        <line num="66" count="0" type="stmt"/>
        <line num="68" count="0" type="stmt"/>
        <line num="69" count="0" type="cond" truecount="0" falsecount="4"/>
        <line num="70" count="0" type="stmt"/>
        <line num="71" count="0" type="stmt"/>
        <line num="72" count="0" type="stmt"/>
        <line num="73" count="0" type="stmt"/>
        <line num="74" count="0" type="stmt"/>
        <line num="76" count="0" type="stmt"/>
        <line num="81" count="0" type="stmt"/>
        <line num="82" count="0" type="stmt"/>
        <line num="89" count="0" type="stmt"/>
        <line num="92" count="2" type="stmt"/>
        <line num="93" count="0" type="cond" truecount="0" falsecount="2"/>
        <line num="94" count="0" type="stmt"/>
        <line num="95" count="0" type="stmt"/>
        <line num="96" count="0" type="cond" truecount="0" falsecount="5"/>
        <line num="98" count="0" type="stmt"/>
        <line num="100" count="0" type="stmt"/>
        <line num="102" count="0" type="stmt"/>
        <line num="104" count="0" type="stmt"/>
        <line num="106" count="0" type="stmt"/>
        <line num="107" count="0" type="stmt"/>
        <line num="111" count="0" type="stmt"/>
        <line num="113" count="0" type="stmt"/>
      </file>
      <file name="index.tsx" path="D:\Work\ApplyAsignments\Kasper\calculator\src\utils\index.tsx">
        <metrics statements="0" coveredstatements="0" conditionals="0" coveredconditionals="0" methods="0" coveredmethods="0"/>
      </file>
    </package>
  </project>
</coverage>
