{"D:\\Work\\ApplyAsignments\\Kasper\\calculator\\src\\App.tsx": {"path":"D:\\Work\\ApplyAsignments\\Kasper\\calculator\\src\\App.tsx","statementMap":{"0":{"start":{"line":7,"column":2},"end":{"line":16,"column":3}}},"fnMap":{"0":{"name":"App","decl":{"start":{"line":6,"column":24},"end":{"line":6,"column":27}},"loc":{"start":{"line":6,"column":30},"end":{"line":17,"column":1}},"line":6}},"branchMap":{},"s":{"0":1},"f":{"0":1},"b":{},"_coverageSchema":"1a1c01bbd47fc00a2c39e90264f33305004495a9","hash":"69f58355645d83988c1be0f291e1eb2d14ed1e4d"}
,"D:\\Work\\ApplyAsignments\\Kasper\\calculator\\src\\index.tsx": {"path":"D:\\Work\\ApplyAsignments\\Kasper\\calculator\\src\\index.tsx","statementMap":{"0":{"start":{"line":6,"column":20},"end":{"line":6,"column":51}},"1":{"start":{"line":7,"column":0},"end":{"line":7,"column":69}},"2":{"start":{"line":7,"column":18},"end":{"line":7,"column":69}},"3":{"start":{"line":8,"column":13},"end":{"line":8,"column":36}},"4":{"start":{"line":9,"column":0},"end":{"line":13,"column":2}}},"fnMap":{},"branchMap":{"0":{"loc":{"start":{"line":7,"column":0},"end":{"line":7,"column":69}},"type":"if","locations":[{"start":{"line":7,"column":0},"end":{"line":7,"column":69}},{"start":{},"end":{}}],"line":7}},"s":{"0":0,"1":0,"2":0,"3":0,"4":0},"f":{},"b":{"0":[0,0]}}
,"D:\\Work\\ApplyAsignments\\Kasper\\calculator\\src\\components\\Calculator\\index.tsx": {"path":"D:\\Work\\ApplyAsignments\\Kasper\\calculator\\src\\components\\Calculator\\index.tsx","statementMap":{"0":{"start":{"line":9,"column":26},"end":{"line":58,"column":1}},"1":{"start":{"line":10,"column":33},"end":{"line":10,"column":48}},"2":{"start":{"line":12,"column":2},"end":{"line":57,"column":4}},"3":{"start":{"line":20,"column":29},"end":{"line":20,"column":118}},"4":{"start":{"line":23,"column":63},"end":{"line":23,"column":98}},"5":{"start":{"line":24,"column":66},"end":{"line":24,"column":103}},"6":{"start":{"line":28,"column":14},"end":{"line":33,"column":16}},"7":{"start":{"line":31,"column":31},"end":{"line":31,"column":73}},"8":{"start":{"line":37,"column":29},"end":{"line":37,"column":62}},"9":{"start":{"line":45,"column":12},"end":{"line":52,"column":20}},"10":{"start":{"line":49,"column":31},"end":{"line":49,"column":77}}},"fnMap":{"0":{"name":"(anonymous_0)","decl":{"start":{"line":9,"column":26},"end":{"line":9,"column":27}},"loc":{"start":{"line":9,"column":32},"end":{"line":58,"column":1}},"line":9},"1":{"name":"(anonymous_1)","decl":{"start":{"line":20,"column":23},"end":{"line":20,"column":24}},"loc":{"start":{"line":20,"column":29},"end":{"line":20,"column":118}},"line":20},"2":{"name":"(anonymous_2)","decl":{"start":{"line":23,"column":57},"end":{"line":23,"column":58}},"loc":{"start":{"line":23,"column":63},"end":{"line":23,"column":98}},"line":23},"3":{"name":"(anonymous_3)","decl":{"start":{"line":24,"column":60},"end":{"line":24,"column":61}},"loc":{"start":{"line":24,"column":66},"end":{"line":24,"column":103}},"line":24},"4":{"name":"(anonymous_4)","decl":{"start":{"line":27,"column":27},"end":{"line":27,"column":28}},"loc":{"start":{"line":28,"column":14},"end":{"line":33,"column":16}},"line":28},"5":{"name":"(anonymous_5)","decl":{"start":{"line":31,"column":25},"end":{"line":31,"column":26}},"loc":{"start":{"line":31,"column":31},"end":{"line":31,"column":73}},"line":31},"6":{"name":"(anonymous_6)","decl":{"start":{"line":37,"column":23},"end":{"line":37,"column":24}},"loc":{"start":{"line":37,"column":29},"end":{"line":37,"column":62}},"line":37},"7":{"name":"(anonymous_7)","decl":{"start":{"line":44,"column":37},"end":{"line":44,"column":38}},"loc":{"start":{"line":45,"column":12},"end":{"line":52,"column":20}},"line":45},"8":{"name":"(anonymous_8)","decl":{"start":{"line":49,"column":25},"end":{"line":49,"column":26}},"loc":{"start":{"line":49,"column":31},"end":{"line":49,"column":77}},"line":49}},"branchMap":{"0":{"loc":{"start":{"line":20,"column":41},"end":{"line":20,"column":117}},"type":"cond-expr","locations":[{"start":{"line":20,"column":70},"end":{"line":20,"column":94}},{"start":{"line":20,"column":97},"end":{"line":20,"column":117}}],"line":20},"1":{"loc":{"start":{"line":21,"column":24},"end":{"line":21,"column":63}},"type":"cond-expr","locations":[{"start":{"line":21,"column":53},"end":{"line":21,"column":56}},{"start":{"line":21,"column":59},"end":{"line":21,"column":63}}],"line":21},"2":{"loc":{"start":{"line":45,"column":12},"end":{"line":52,"column":20}},"type":"cond-expr","locations":[{"start":{"line":46,"column":14},"end":{"line":51,"column":16}},{"start":{"line":52,"column":16},"end":{"line":52,"column":20}}],"line":45}},"s":{"0":2,"1":37,"2":37,"3":1,"4":1,"5":1,"6":370,"7":15,"8":1,"9":222,"10":9},"f":{"0":37,"1":1,"2":1,"3":1,"4":370,"5":15,"6":1,"7":222,"8":9},"b":{"0":[1,0],"1":[27,10],"2":[185,37]},"_coverageSchema":"1a1c01bbd47fc00a2c39e90264f33305004495a9","hash":"d62f8c02948a6c6e6cf4211acc503b6f43d414d3"}
,"D:\\Work\\ApplyAsignments\\Kasper\\calculator\\src\\components\\CalculatorDislayKey\\index.tsx": {"path":"D:\\Work\\ApplyAsignments\\Kasper\\calculator\\src\\components\\CalculatorDislayKey\\index.tsx","statementMap":{"0":{"start":{"line":8,"column":68},"end":{"line":20,"column":1}},"1":{"start":{"line":9,"column":34},"end":{"line":9,"column":49}},"2":{"start":{"line":11,"column":2},"end":{"line":19,"column":4}},"3":{"start":{"line":15,"column":21},"end":{"line":15,"column":43}}},"fnMap":{"0":{"name":"(anonymous_0)","decl":{"start":{"line":8,"column":68},"end":{"line":8,"column":69}},"loc":{"start":{"line":8,"column":89},"end":{"line":20,"column":1}},"line":8},"1":{"name":"(anonymous_1)","decl":{"start":{"line":15,"column":17},"end":{"line":15,"column":18}},"loc":{"start":{"line":15,"column":21},"end":{"line":15,"column":43}},"line":15}},"branchMap":{"0":{"loc":{"start":{"line":8,"column":71},"end":{"line":8,"column":82}},"type":"default-arg","locations":[{"start":{"line":8,"column":79},"end":{"line":8,"column":82}}],"line":8},"1":{"loc":{"start":{"line":13,"column":45},"end":{"line":13,"column":63}},"type":"binary-expr","locations":[{"start":{"line":13,"column":45},"end":{"line":13,"column":53}},{"start":{"line":13,"column":55},"end":{"line":13,"column":63}}],"line":13}},"s":{"0":3,"1":50,"2":50,"3":0},"f":{"0":50,"1":0},"b":{"0":[0],"1":[50,0]},"_coverageSchema":"1a1c01bbd47fc00a2c39e90264f33305004495a9","hash":"e5908c204030f8c906c38b351dd536f19940d949"}
,"D:\\Work\\ApplyAsignments\\Kasper\\calculator\\src\\components\\CalculatorDisplay\\index.tsx": {"path":"D:\\Work\\ApplyAsignments\\Kasper\\calculator\\src\\components\\CalculatorDisplay\\index.tsx","statementMap":{"0":{"start":{"line":10,"column":62},"end":{"line":47,"column":1}},"1":{"start":{"line":11,"column":28},"end":{"line":11,"column":47}},"2":{"start":{"line":12,"column":20},"end":{"line":12,"column":48}},"3":{"start":{"line":13,"column":19},"end":{"line":13,"column":47}},"4":{"start":{"line":16,"column":2},"end":{"line":25,"column":5}},"5":{"start":{"line":17,"column":27},"end":{"line":17,"column":58}},"6":{"start":{"line":18,"column":24},"end":{"line":18,"column":54}},"7":{"start":{"line":19,"column":24},"end":{"line":19,"column":88}},"8":{"start":{"line":20,"column":4},"end":{"line":24,"column":5}},"9":{"start":{"line":21,"column":6},"end":{"line":21,"column":28}},"10":{"start":{"line":22,"column":11},"end":{"line":24,"column":5}},"11":{"start":{"line":23,"column":6},"end":{"line":23,"column":18}},"12":{"start":{"line":27,"column":2},"end":{"line":46,"column":4}},"13":{"start":{"line":43,"column":56},"end":{"line":43,"column":111}}},"fnMap":{"0":{"name":"(anonymous_0)","decl":{"start":{"line":10,"column":62},"end":{"line":10,"column":63}},"loc":{"start":{"line":10,"column":83},"end":{"line":47,"column":1}},"line":10},"1":{"name":"(anonymous_1)","decl":{"start":{"line":16,"column":12},"end":{"line":16,"column":13}},"loc":{"start":{"line":16,"column":18},"end":{"line":25,"column":3}},"line":16},"2":{"name":"(anonymous_2)","decl":{"start":{"line":43,"column":43},"end":{"line":43,"column":44}},"loc":{"start":{"line":43,"column":56},"end":{"line":43,"column":111}},"line":43}},"branchMap":{"0":{"loc":{"start":{"line":10,"column":65},"end":{"line":10,"column":76}},"type":"default-arg","locations":[{"start":{"line":10,"column":73},"end":{"line":10,"column":76}}],"line":10},"1":{"loc":{"start":{"line":19,"column":24},"end":{"line":19,"column":88}},"type":"cond-expr","locations":[{"start":{"line":19,"column":56},"end":{"line":19,"column":84}},{"start":{"line":19,"column":87},"end":{"line":19,"column":88}}],"line":19},"2":{"loc":{"start":{"line":19,"column":24},"end":{"line":19,"column":53}},"type":"binary-expr","locations":[{"start":{"line":19,"column":24},"end":{"line":19,"column":38}},{"start":{"line":19,"column":42},"end":{"line":19,"column":53}}],"line":19},"3":{"loc":{"start":{"line":20,"column":4},"end":{"line":24,"column":5}},"type":"if","locations":[{"start":{"line":20,"column":4},"end":{"line":24,"column":5}},{"start":{"line":22,"column":11},"end":{"line":24,"column":5}}],"line":20},"4":{"loc":{"start":{"line":22,"column":11},"end":{"line":24,"column":5}},"type":"if","locations":[{"start":{"line":22,"column":11},"end":{"line":24,"column":5}},{"start":{},"end":{}}],"line":22}},"s":{"0":2,"1":37,"2":37,"3":37,"4":37,"5":37,"6":37,"7":37,"8":37,"9":0,"10":37,"11":0,"12":37,"13":49},"f":{"0":37,"1":37,"2":49},"b":{"0":[0],"1":[0,37],"2":[37,0],"3":[0,37],"4":[0,37]},"_coverageSchema":"1a1c01bbd47fc00a2c39e90264f33305004495a9","hash":"a619652a0aa1c9682e1497a64c6c2cf094bd86f5"}
,"D:\\Work\\ApplyAsignments\\Kasper\\calculator\\src\\components\\CalculatorKey\\index.tsx": {"path":"D:\\Work\\ApplyAsignments\\Kasper\\calculator\\src\\components\\CalculatorKey\\index.tsx","statementMap":{"0":{"start":{"line":11,"column":54},"end":{"line":21,"column":1}},"1":{"start":{"line":12,"column":2},"end":{"line":20,"column":11}}},"fnMap":{"0":{"name":"(anonymous_0)","decl":{"start":{"line":11,"column":54},"end":{"line":11,"column":55}},"loc":{"start":{"line":12,"column":2},"end":{"line":20,"column":11}},"line":12}},"branchMap":{},"s":{"0":3,"1":706},"f":{"0":706},"b":{},"_coverageSchema":"1a1c01bbd47fc00a2c39e90264f33305004495a9","hash":"e5ee05c18957edcf6b76c192b0bd696f18738f72"}
,"D:\\Work\\ApplyAsignments\\Kasper\\calculator\\src\\hooks\\index.ts": {"path":"D:\\Work\\ApplyAsignments\\Kasper\\calculator\\src\\hooks\\index.ts","statementMap":{},"fnMap":{},"branchMap":{},"s":{},"f":{},"b":{}}
,"D:\\Work\\ApplyAsignments\\Kasper\\calculator\\src\\hooks\\useCalculator.ts": {"path":"D:\\Work\\ApplyAsignments\\Kasper\\calculator\\src\\hooks\\useCalculator.ts","statementMap":{"0":{"start":{"line":6,"column":29},"end":{"line":74,"column":1}},"1":{"start":{"line":7,"column":28},"end":{"line":7,"column":71}},"2":{"start":{"line":9,"column":22},"end":{"line":15,"column":3}},"3":{"start":{"line":10,"column":4},"end":{"line":14,"column":5}},"4":{"start":{"line":11,"column":6},"end":{"line":11,"column":34}},"5":{"start":{"line":13,"column":6},"end":{"line":13,"column":40}},"6":{"start":{"line":17,"column":24},"end":{"line":63,"column":3}},"7":{"start":{"line":18,"column":4},"end":{"line":62,"column":5}},"8":{"start":{"line":19,"column":6},"end":{"line":19,"column":25}},"9":{"start":{"line":20,"column":6},"end":{"line":23,"column":24}},"10":{"start":{"line":24,"column":11},"end":{"line":62,"column":5}},"11":{"start":{"line":25,"column":6},"end":{"line":25,"column":25}},"12":{"start":{"line":26,"column":6},"end":{"line":29,"column":30}},"13":{"start":{"line":30,"column":11},"end":{"line":62,"column":5}},"14":{"start":{"line":31,"column":6},"end":{"line":31,"column":25}},"15":{"start":{"line":32,"column":6},"end":{"line":34,"column":22}},"16":{"start":{"line":35,"column":11},"end":{"line":62,"column":5}},"17":{"start":{"line":36,"column":6},"end":{"line":36,"column":25}},"18":{"start":{"line":37,"column":6},"end":{"line":39,"column":22}},"19":{"start":{"line":40,"column":11},"end":{"line":62,"column":5}},"20":{"start":{"line":41,"column":6},"end":{"line":41,"column":25}},"21":{"start":{"line":42,"column":6},"end":{"line":44,"column":26}},"22":{"start":{"line":45,"column":11},"end":{"line":62,"column":5}},"23":{"start":{"line":46,"column":6},"end":{"line":46,"column":25}},"24":{"start":{"line":47,"column":6},"end":{"line":49,"column":27}},"25":{"start":{"line":50,"column":11},"end":{"line":62,"column":5}},"26":{"start":{"line":51,"column":6},"end":{"line":51,"column":25}},"27":{"start":{"line":53,"column":6},"end":{"line":61,"column":7}},"28":{"start":{"line":54,"column":8},"end":{"line":56,"column":28}},"29":{"start":{"line":58,"column":8},"end":{"line":60,"column":24}},"30":{"start":{"line":65,"column":2},"end":{"line":71,"column":5}},"31":{"start":{"line":66,"column":4},"end":{"line":66,"column":56}},"32":{"start":{"line":68,"column":4},"end":{"line":70,"column":6}},"33":{"start":{"line":69,"column":6},"end":{"line":69,"column":61}},"34":{"start":{"line":73,"column":2},"end":{"line":73,"column":32}}},"fnMap":{"0":{"name":"(anonymous_0)","decl":{"start":{"line":6,"column":29},"end":{"line":6,"column":30}},"loc":{"start":{"line":6,"column":35},"end":{"line":74,"column":1}},"line":6},"1":{"name":"(anonymous_1)","decl":{"start":{"line":9,"column":22},"end":{"line":9,"column":23}},"loc":{"start":{"line":9,"column":63},"end":{"line":15,"column":3}},"line":9},"2":{"name":"(anonymous_2)","decl":{"start":{"line":17,"column":24},"end":{"line":17,"column":25}},"loc":{"start":{"line":17,"column":46},"end":{"line":63,"column":3}},"line":17},"3":{"name":"(anonymous_3)","decl":{"start":{"line":65,"column":12},"end":{"line":65,"column":13}},"loc":{"start":{"line":65,"column":18},"end":{"line":71,"column":3}},"line":65},"4":{"name":"(anonymous_4)","decl":{"start":{"line":68,"column":11},"end":{"line":68,"column":12}},"loc":{"start":{"line":68,"column":17},"end":{"line":70,"column":5}},"line":68}},"branchMap":{"0":{"loc":{"start":{"line":10,"column":4},"end":{"line":14,"column":5}},"type":"if","locations":[{"start":{"line":10,"column":4},"end":{"line":14,"column":5}},{"start":{"line":12,"column":11},"end":{"line":14,"column":5}}],"line":10},"1":{"loc":{"start":{"line":18,"column":4},"end":{"line":62,"column":5}},"type":"if","locations":[{"start":{"line":18,"column":4},"end":{"line":62,"column":5}},{"start":{"line":24,"column":11},"end":{"line":62,"column":5}}],"line":18},"2":{"loc":{"start":{"line":24,"column":11},"end":{"line":62,"column":5}},"type":"if","locations":[{"start":{"line":24,"column":11},"end":{"line":62,"column":5}},{"start":{"line":30,"column":11},"end":{"line":62,"column":5}}],"line":24},"3":{"loc":{"start":{"line":30,"column":11},"end":{"line":62,"column":5}},"type":"if","locations":[{"start":{"line":30,"column":11},"end":{"line":62,"column":5}},{"start":{"line":35,"column":11},"end":{"line":62,"column":5}}],"line":30},"4":{"loc":{"start":{"line":35,"column":11},"end":{"line":62,"column":5}},"type":"if","locations":[{"start":{"line":35,"column":11},"end":{"line":62,"column":5}},{"start":{"line":40,"column":11},"end":{"line":62,"column":5}}],"line":35},"5":{"loc":{"start":{"line":40,"column":11},"end":{"line":62,"column":5}},"type":"if","locations":[{"start":{"line":40,"column":11},"end":{"line":62,"column":5}},{"start":{"line":45,"column":11},"end":{"line":62,"column":5}}],"line":40},"6":{"loc":{"start":{"line":45,"column":11},"end":{"line":62,"column":5}},"type":"if","locations":[{"start":{"line":45,"column":11},"end":{"line":62,"column":5}},{"start":{"line":50,"column":11},"end":{"line":62,"column":5}}],"line":45},"7":{"loc":{"start":{"line":50,"column":11},"end":{"line":62,"column":5}},"type":"if","locations":[{"start":{"line":50,"column":11},"end":{"line":62,"column":5}},{"start":{},"end":{}}],"line":50},"8":{"loc":{"start":{"line":53,"column":6},"end":{"line":61,"column":7}},"type":"if","locations":[{"start":{"line":53,"column":6},"end":{"line":61,"column":7}},{"start":{"line":57,"column":13},"end":{"line":61,"column":7}}],"line":53}},"s":{"0":2,"1":37,"2":37,"3":28,"4":24,"5":4,"6":37,"7":0,"8":0,"9":0,"10":0,"11":0,"12":0,"13":0,"14":0,"15":0,"16":0,"17":0,"18":0,"19":0,"20":0,"21":0,"22":0,"23":0,"24":0,"25":0,"26":0,"27":0,"28":0,"29":0,"30":37,"31":37,"32":37,"33":37,"34":37},"f":{"0":37,"1":28,"2":0,"3":37,"4":37},"b":{"0":[24,4],"1":[0,0],"2":[0,0],"3":[0,0],"4":[0,0],"5":[0,0],"6":[0,0],"7":[0,0],"8":[0,0]},"_coverageSchema":"1a1c01bbd47fc00a2c39e90264f33305004495a9","hash":"3d778d2a78121163cdbb7c093b01af53e692ce12"}
,"D:\\Work\\ApplyAsignments\\Kasper\\calculator\\src\\hooks\\reducer\\index.ts": {"path":"D:\\Work\\ApplyAsignments\\Kasper\\calculator\\src\\hooks\\reducer\\index.ts","statementMap":{},"fnMap":{},"branchMap":{},"s":{},"f":{},"b":{},"_coverageSchema":"1a1c01bbd47fc00a2c39e90264f33305004495a9","hash":"5301f2eb1bcf2c841f24bd32c0bda1f7bf97b489"}
,"D:\\Work\\ApplyAsignments\\Kasper\\calculator\\src\\hooks\\reducer\\reducer.ts": {"path":"D:\\Work\\ApplyAsignments\\Kasper\\calculator\\src\\hooks\\reducer\\reducer.ts","statementMap":{"0":{"start":{"line":38,"column":46},"end":{"line":44,"column":1}},"1":{"start":{"line":46,"column":33},"end":{"line":179,"column":1}},"2":{"start":{"line":50,"column":2},"end":{"line":178,"column":3}},"3":{"start":{"line":52,"column":6},"end":{"line":58,"column":7}},"4":{"start":{"line":53,"column":8},"end":{"line":57,"column":10}},"5":{"start":{"line":60,"column":6},"end":{"line":63,"column":8}},"6":{"start":{"line":66,"column":6},"end":{"line":72,"column":7}},"7":{"start":{"line":67,"column":8},"end":{"line":71,"column":10}},"8":{"start":{"line":74,"column":6},"end":{"line":78,"column":8}},"9":{"start":{"line":82,"column":6},"end":{"line":90,"column":7}},"10":{"start":{"line":83,"column":36},"end":{"line":83,"column":79}},"11":{"start":{"line":84,"column":33},"end":{"line":84,"column":69}},"12":{"start":{"line":86,"column":8},"end":{"line":89,"column":10}},"13":{"start":{"line":92,"column":6},"end":{"line":92,"column":19}},"14":{"start":{"line":96,"column":23},"end":{"line":96,"column":58}},"15":{"start":{"line":98,"column":6},"end":{"line":101,"column":8}},"16":{"start":{"line":105,"column":6},"end":{"line":108,"column":8}},"17":{"start":{"line":111,"column":6},"end":{"line":114,"column":8}},"18":{"start":{"line":117,"column":23},"end":{"line":117,"column":53}},"19":{"start":{"line":119,"column":6},"end":{"line":148,"column":7}},"20":{"start":{"line":120,"column":32},"end":{"line":120,"column":83}},"21":{"start":{"line":121,"column":8},"end":{"line":121,"column":36}},"22":{"start":{"line":123,"column":8},"end":{"line":147,"column":9}},"23":{"start":{"line":124,"column":25},"end":{"line":124,"column":46}},"24":{"start":{"line":126,"column":26},"end":{"line":126,"column":87}},"25":{"start":{"line":127,"column":27},"end":{"line":127,"column":66}},"26":{"start":{"line":128,"column":10},"end":{"line":128,"column":33}},"27":{"start":{"line":129,"column":10},"end":{"line":129,"column":77}},"28":{"start":{"line":131,"column":10},"end":{"line":138,"column":12}},"29":{"start":{"line":140,"column":10},"end":{"line":146,"column":12}},"30":{"start":{"line":150,"column":6},"end":{"line":162,"column":7}},"31":{"start":{"line":151,"column":29},"end":{"line":151,"column":45}},"32":{"start":{"line":152,"column":25},"end":{"line":152,"column":110}},"33":{"start":{"line":154,"column":8},"end":{"line":161,"column":10}},"34":{"start":{"line":164,"column":6},"end":{"line":170,"column":8}},"35":{"start":{"line":174,"column":6},"end":{"line":174,"column":26}},"36":{"start":{"line":177,"column":6},"end":{"line":177,"column":19}}},"fnMap":{"0":{"name":"(anonymous_0)","decl":{"start":{"line":46,"column":33},"end":{"line":46,"column":34}},"loc":{"start":{"line":49,"column":5},"end":{"line":179,"column":1}},"line":49}},"branchMap":{"0":{"loc":{"start":{"line":50,"column":2},"end":{"line":178,"column":3}},"type":"switch","locations":[{"start":{"line":51,"column":4},"end":{"line":64,"column":5}},{"start":{"line":65,"column":4},"end":{"line":79,"column":5}},{"start":{"line":81,"column":4},"end":{"line":93,"column":5}},{"start":{"line":95,"column":4},"end":{"line":102,"column":5}},{"start":{"line":104,"column":4},"end":{"line":108,"column":8}},{"start":{"line":110,"column":4},"end":{"line":114,"column":8}},{"start":{"line":116,"column":4},"end":{"line":171,"column":5}},{"start":{"line":173,"column":4},"end":{"line":174,"column":26}},{"start":{"line":176,"column":4},"end":{"line":177,"column":19}}],"line":50},"1":{"loc":{"start":{"line":52,"column":6},"end":{"line":58,"column":7}},"type":"if","locations":[{"start":{"line":52,"column":6},"end":{"line":58,"column":7}},{"start":{},"end":{}}],"line":52},"2":{"loc":{"start":{"line":62,"column":22},"end":{"line":62,"column":113}},"type":"cond-expr","locations":[{"start":{"line":62,"column":51},"end":{"line":62,"column":70}},{"start":{"line":62,"column":73},"end":{"line":62,"column":113}}],"line":62},"3":{"loc":{"start":{"line":66,"column":6},"end":{"line":72,"column":7}},"type":"if","locations":[{"start":{"line":66,"column":6},"end":{"line":72,"column":7}},{"start":{},"end":{}}],"line":66},"4":{"loc":{"start":{"line":76,"column":22},"end":{"line":76,"column":102}},"type":"cond-expr","locations":[{"start":{"line":76,"column":57},"end":{"line":76,"column":75}},{"start":{"line":76,"column":78},"end":{"line":76,"column":102}}],"line":76},"5":{"loc":{"start":{"line":82,"column":6},"end":{"line":90,"column":7}},"type":"if","locations":[{"start":{"line":82,"column":6},"end":{"line":90,"column":7}},{"start":{},"end":{}}],"line":82},"6":{"loc":{"start":{"line":107,"column":22},"end":{"line":107,"column":91}},"type":"binary-expr","locations":[{"start":{"line":107,"column":22},"end":{"line":107,"column":84}},{"start":{"line":107,"column":88},"end":{"line":107,"column":91}}],"line":107},"7":{"loc":{"start":{"line":119,"column":6},"end":{"line":148,"column":7}},"type":"if","locations":[{"start":{"line":119,"column":6},"end":{"line":148,"column":7}},{"start":{},"end":{}}],"line":119},"8":{"loc":{"start":{"line":126,"column":37},"end":{"line":126,"column":86}},"type":"binary-expr","locations":[{"start":{"line":126,"column":37},"end":{"line":126,"column":78}},{"start":{"line":126,"column":82},"end":{"line":126,"column":86}}],"line":126},"9":{"loc":{"start":{"line":150,"column":6},"end":{"line":162,"column":7}},"type":"if","locations":[{"start":{"line":150,"column":6},"end":{"line":162,"column":7}},{"start":{},"end":{}}],"line":150},"10":{"loc":{"start":{"line":150,"column":10},"end":{"line":150,"column":52}},"type":"binary-expr","locations":[{"start":{"line":150,"column":10},"end":{"line":150,"column":24}},{"start":{"line":150,"column":28},"end":{"line":150,"column":52}}],"line":150},"11":{"loc":{"start":{"line":151,"column":29},"end":{"line":151,"column":45}},"type":"binary-expr","locations":[{"start":{"line":151,"column":29},"end":{"line":151,"column":40}},{"start":{"line":151,"column":44},"end":{"line":151,"column":45}}],"line":151}},"s":{"0":2,"1":2,"2":28,"3":15,"4":5,"5":10,"6":1,"7":0,"8":1,"9":1,"10":1,"11":1,"12":1,"13":0,"14":1,"15":1,"16":0,"17":1,"18":9,"19":9,"20":4,"21":4,"22":4,"23":4,"24":4,"25":4,"26":4,"27":4,"28":4,"29":0,"30":5,"31":1,"32":1,"33":1,"34":4,"35":0,"36":0},"f":{"0":28},"b":{"0":[15,1,1,1,0,1,9,0,0],"1":[5,10],"2":[7,3],"3":[0,1],"4":[0,1],"5":[1,0],"6":[0,0],"7":[4,5],"8":[4,1],"9":[1,4],"10":[5,1],"11":[1,0]},"_coverageSchema":"1a1c01bbd47fc00a2c39e90264f33305004495a9","hash":"48c685401aa61da3dffa8c8b31e1b6d6c7702ca2"}
,"D:\\Work\\ApplyAsignments\\Kasper\\calculator\\src\\layouts\\index.tsx": {"path":"D:\\Work\\ApplyAsignments\\Kasper\\calculator\\src\\layouts\\index.tsx","statementMap":{"0":{"start":{"line":5,"column":2},"end":{"line":17,"column":5}}},"fnMap":{"0":{"name":"Layout","decl":{"start":{"line":4,"column":24},"end":{"line":4,"column":30}},"loc":{"start":{"line":4,"column":33},"end":{"line":18,"column":1}},"line":4}},"branchMap":{},"s":{"0":1},"f":{"0":1},"b":{},"_coverageSchema":"1a1c01bbd47fc00a2c39e90264f33305004495a9","hash":"a7ad2b56b9b2329065ed14bc5fb72fff8c6504bd"}
,"D:\\Work\\ApplyAsignments\\Kasper\\calculator\\src\\pages\\History\\index.tsx": {"path":"D:\\Work\\ApplyAsignments\\Kasper\\calculator\\src\\pages\\History\\index.tsx","statementMap":{"0":{"start":{"line":3,"column":26},"end":{"line":37,"column":1}},"1":{"start":{"line":4,"column":32},"end":{"line":4,"column":86}},"2":{"start":{"line":6,"column":2},"end":{"line":19,"column":9}},"3":{"start":{"line":7,"column":26},"end":{"line":7,"column":87}},"4":{"start":{"line":9,"column":4},"end":{"line":18,"column":5}},"5":{"start":{"line":10,"column":21},"end":{"line":10,"column":39}},"6":{"start":{"line":11,"column":6},"end":{"line":15,"column":7}},"7":{"start":{"line":11,"column":19},"end":{"line":11,"column":20}},"8":{"start":{"line":12,"column":8},"end":{"line":14,"column":9}},"9":{"start":{"line":13,"column":10},"end":{"line":13,"column":40}},"10":{"start":{"line":17,"column":6},"end":{"line":17,"column":24}},"11":{"start":{"line":21,"column":2},"end":{"line":36,"column":4}},"12":{"start":{"line":29,"column":12},"end":{"line":31,"column":17}}},"fnMap":{"0":{"name":"(anonymous_0)","decl":{"start":{"line":3,"column":26},"end":{"line":3,"column":27}},"loc":{"start":{"line":3,"column":32},"end":{"line":37,"column":1}},"line":3},"1":{"name":"(anonymous_1)","decl":{"start":{"line":6,"column":12},"end":{"line":6,"column":13}},"loc":{"start":{"line":6,"column":18},"end":{"line":19,"column":3}},"line":6},"2":{"name":"(anonymous_2)","decl":{"start":{"line":28,"column":23},"end":{"line":28,"column":24}},"loc":{"start":{"line":29,"column":12},"end":{"line":31,"column":17}},"line":29}},"branchMap":{"0":{"loc":{"start":{"line":7,"column":37},"end":{"line":7,"column":86}},"type":"binary-expr","locations":[{"start":{"line":7,"column":37},"end":{"line":7,"column":78}},{"start":{"line":7,"column":82},"end":{"line":7,"column":86}}],"line":7},"1":{"loc":{"start":{"line":9,"column":4},"end":{"line":18,"column":5}},"type":"if","locations":[{"start":{"line":9,"column":4},"end":{"line":18,"column":5}},{"start":{},"end":{}}],"line":9},"2":{"loc":{"start":{"line":12,"column":8},"end":{"line":14,"column":9}},"type":"if","locations":[{"start":{"line":12,"column":8},"end":{"line":14,"column":9}},{"start":{},"end":{}}],"line":12},"3":{"loc":{"start":{"line":24,"column":7},"end":{"line":34,"column":7}},"type":"cond-expr","locations":[{"start":{"line":25,"column":8},"end":{"line":25,"column":35}},{"start":{"line":27,"column":8},"end":{"line":33,"column":13}}],"line":24}},"s":{"0":2,"1":5,"2":5,"3":3,"4":3,"5":2,"6":2,"7":2,"8":8,"9":4,"10":2,"11":5,"12":6},"f":{"0":5,"1":3,"2":6},"b":{"0":[3,0],"1":[2,1],"2":[4,4],"3":[3,2]},"_coverageSchema":"1a1c01bbd47fc00a2c39e90264f33305004495a9","hash":"947f380665157db4f4e6aca458d5c45ae64e5fee"}
,"D:\\Work\\ApplyAsignments\\Kasper\\calculator\\src\\pages\\Home\\index.tsx": {"path":"D:\\Work\\ApplyAsignments\\Kasper\\calculator\\src\\pages\\Home\\index.tsx","statementMap":{"0":{"start":{"line":5,"column":2},"end":{"line":7,"column":12}}},"fnMap":{"0":{"name":"Home","decl":{"start":{"line":4,"column":24},"end":{"line":4,"column":28}},"loc":{"start":{"line":4,"column":31},"end":{"line":8,"column":1}},"line":4}},"branchMap":{},"s":{"0":1},"f":{"0":1},"b":{},"_coverageSchema":"1a1c01bbd47fc00a2c39e90264f33305004495a9","hash":"c0ac3f37d54de0e718f6bd132ada5dd3bf1f0574"}
,"D:\\Work\\ApplyAsignments\\Kasper\\calculator\\src\\types\\index.ts": {"path":"D:\\Work\\ApplyAsignments\\Kasper\\calculator\\src\\types\\index.ts","statementMap":{},"fnMap":{},"branchMap":{},"s":{},"f":{},"b":{},"_coverageSchema":"1a1c01bbd47fc00a2c39e90264f33305004495a9","hash":"93cb53eea9d8aa617af0c5eed197cb47d47c153c"}
,"D:\\Work\\ApplyAsignments\\Kasper\\calculator\\src\\types\\typings.d.ts": {"path":"D:\\Work\\ApplyAsignments\\Kasper\\calculator\\src\\types\\typings.d.ts","statementMap":{},"fnMap":{},"branchMap":{},"s":{},"f":{},"b":{}}
,"D:\\Work\\ApplyAsignments\\Kasper\\calculator\\src\\utils\\helpers.ts": {"path":"D:\\Work\\ApplyAsignments\\Kasper\\calculator\\src\\utils\\helpers.ts","statementMap":{"0":{"start":{"line":3,"column":35},"end":{"line":3,"column":85}},"1":{"start":{"line":5,"column":58},"end":{"line":42,"column":1}},"2":{"start":{"line":10,"column":52},"end":{"line":10,"column":73}},"3":{"start":{"line":16,"column":52},"end":{"line":16,"column":73}},"4":{"start":{"line":22,"column":52},"end":{"line":22,"column":73}},"5":{"start":{"line":28,"column":79},"end":{"line":28,"column":100}},"6":{"start":{"line":34,"column":53},"end":{"line":34,"column":62}},"7":{"start":{"line":40,"column":53},"end":{"line":40,"column":62}},"8":{"start":{"line":44,"column":33},"end":{"line":59,"column":1}},"9":{"start":{"line":45,"column":19},"end":{"line":45,"column":48}},"10":{"start":{"line":47,"column":23},"end":{"line":50,"column":4}},"11":{"start":{"line":52,"column":16},"end":{"line":52,"column":41}},"12":{"start":{"line":54,"column":2},"end":{"line":56,"column":3}},"13":{"start":{"line":55,"column":4},"end":{"line":55,"column":67}},"14":{"start":{"line":58,"column":2},"end":{"line":58,"column":101}},"15":{"start":{"line":61,"column":34},"end":{"line":90,"column":1}},"16":{"start":{"line":62,"column":35},"end":{"line":62,"column":37}},"17":{"start":{"line":64,"column":2},"end":{"line":79,"column":3}},"18":{"start":{"line":64,"column":15},"end":{"line":64,"column":16}},"19":{"start":{"line":65,"column":4},"end":{"line":78,"column":5}},"20":{"start":{"line":66,"column":6},"end":{"line":66,"column":29}},"21":{"start":{"line":68,"column":23},"end":{"line":68,"column":51}},"22":{"start":{"line":69,"column":6},"end":{"line":77,"column":7}},"23":{"start":{"line":70,"column":28},"end":{"line":70,"column":49}},"24":{"start":{"line":71,"column":29},"end":{"line":71,"column":53}},"25":{"start":{"line":72,"column":23},"end":{"line":72,"column":85}},"26":{"start":{"line":73,"column":8},"end":{"line":73,"column":27}},"27":{"start":{"line":74,"column":8},"end":{"line":74,"column":12}},"28":{"start":{"line":76,"column":8},"end":{"line":76,"column":29}},"29":{"start":{"line":81,"column":15},"end":{"line":81,"column":38}},"30":{"start":{"line":82,"column":2},"end":{"line":82,"column":20}},"31":{"start":{"line":89,"column":2},"end":{"line":89,"column":16}},"32":{"start":{"line":92,"column":24},"end":{"line":114,"column":1}},"33":{"start":{"line":93,"column":2},"end":{"line":112,"column":3}},"34":{"start":{"line":94,"column":18},"end":{"line":94,"column":20}},"35":{"start":{"line":95,"column":4},"end":{"line":109,"column":5}},"36":{"start":{"line":95,"column":17},"end":{"line":95,"column":18}},"37":{"start":{"line":96,"column":6},"end":{"line":108,"column":7}},"38":{"start":{"line":98,"column":10},"end":{"line":98,"column":76}},"39":{"start":{"line":100,"column":10},"end":{"line":100,"column":76}},"40":{"start":{"line":102,"column":10},"end":{"line":102,"column":76}},"41":{"start":{"line":104,"column":10},"end":{"line":104,"column":76}},"42":{"start":{"line":106,"column":10},"end":{"line":106,"column":28}},"43":{"start":{"line":107,"column":10},"end":{"line":107,"column":16}},"44":{"start":{"line":111,"column":4},"end":{"line":111,"column":28}},"45":{"start":{"line":113,"column":2},"end":{"line":113,"column":10}}},"fnMap":{"0":{"name":"(anonymous_0)","decl":{"start":{"line":10,"column":10},"end":{"line":10,"column":11}},"loc":{"start":{"line":10,"column":52},"end":{"line":10,"column":73}},"line":10},"1":{"name":"(anonymous_1)","decl":{"start":{"line":16,"column":10},"end":{"line":16,"column":11}},"loc":{"start":{"line":16,"column":52},"end":{"line":16,"column":73}},"line":16},"2":{"name":"(anonymous_2)","decl":{"start":{"line":22,"column":10},"end":{"line":22,"column":11}},"loc":{"start":{"line":22,"column":52},"end":{"line":22,"column":73}},"line":22},"3":{"name":"(anonymous_3)","decl":{"start":{"line":28,"column":10},"end":{"line":28,"column":11}},"loc":{"start":{"line":28,"column":79},"end":{"line":28,"column":100}},"line":28},"4":{"name":"(anonymous_4)","decl":{"start":{"line":34,"column":10},"end":{"line":34,"column":11}},"loc":{"start":{"line":34,"column":53},"end":{"line":34,"column":62}},"line":34},"5":{"name":"(anonymous_5)","decl":{"start":{"line":40,"column":10},"end":{"line":40,"column":11}},"loc":{"start":{"line":40,"column":53},"end":{"line":40,"column":62}},"line":40},"6":{"name":"(anonymous_6)","decl":{"start":{"line":44,"column":33},"end":{"line":44,"column":34}},"loc":{"start":{"line":44,"column":60},"end":{"line":59,"column":1}},"line":44},"7":{"name":"(anonymous_7)","decl":{"start":{"line":61,"column":34},"end":{"line":61,"column":35}},"loc":{"start":{"line":61,"column":68},"end":{"line":90,"column":1}},"line":61},"8":{"name":"(anonymous_8)","decl":{"start":{"line":92,"column":24},"end":{"line":92,"column":25}},"loc":{"start":{"line":92,"column":47},"end":{"line":114,"column":1}},"line":92}},"branchMap":{"0":{"loc":{"start":{"line":45,"column":19},"end":{"line":45,"column":48}},"type":"binary-expr","locations":[{"start":{"line":45,"column":19},"end":{"line":45,"column":37}},{"start":{"line":45,"column":41},"end":{"line":45,"column":48}}],"line":45},"1":{"loc":{"start":{"line":54,"column":2},"end":{"line":56,"column":3}},"type":"if","locations":[{"start":{"line":54,"column":2},"end":{"line":56,"column":3}},{"start":{},"end":{}}],"line":54},"2":{"loc":{"start":{"line":55,"column":22},"end":{"line":55,"column":66}},"type":"cond-expr","locations":[{"start":{"line":55,"column":47},"end":{"line":55,"column":55}},{"start":{"line":55,"column":58},"end":{"line":55,"column":66}}],"line":55},"3":{"loc":{"start":{"line":58,"column":9},"end":{"line":58,"column":100}},"type":"cond-expr","locations":[{"start":{"line":58,"column":39},"end":{"line":58,"column":83}},{"start":{"line":58,"column":86},"end":{"line":58,"column":100}}],"line":58},"4":{"loc":{"start":{"line":65,"column":4},"end":{"line":78,"column":5}},"type":"if","locations":[{"start":{"line":65,"column":4},"end":{"line":78,"column":5}},{"start":{"line":67,"column":11},"end":{"line":78,"column":5}}],"line":65},"5":{"loc":{"start":{"line":69,"column":6},"end":{"line":77,"column":7}},"type":"if","locations":[{"start":{"line":69,"column":6},"end":{"line":77,"column":7}},{"start":{"line":75,"column":13},"end":{"line":77,"column":7}}],"line":69},"6":{"loc":{"start":{"line":69,"column":10},"end":{"line":69,"column":46}},"type":"binary-expr","locations":[{"start":{"line":69,"column":10},"end":{"line":69,"column":26}},{"start":{"line":69,"column":30},"end":{"line":69,"column":46}}],"line":69},"7":{"loc":{"start":{"line":93,"column":2},"end":{"line":112,"column":3}},"type":"if","locations":[{"start":{"line":93,"column":2},"end":{"line":112,"column":3}},{"start":{"line":110,"column":9},"end":{"line":112,"column":3}}],"line":93},"8":{"loc":{"start":{"line":96,"column":6},"end":{"line":108,"column":7}},"type":"switch","locations":[{"start":{"line":97,"column":8},"end":{"line":98,"column":76}},{"start":{"line":99,"column":8},"end":{"line":100,"column":76}},{"start":{"line":101,"column":8},"end":{"line":102,"column":76}},{"start":{"line":103,"column":8},"end":{"line":104,"column":76}},{"start":{"line":105,"column":8},"end":{"line":107,"column":16}}],"line":96}},"s":{"0":2,"1":2,"2":0,"3":0,"4":0,"5":1,"6":0,"7":0,"8":2,"9":74,"10":74,"11":74,"12":74,"13":6,"14":74,"15":2,"16":0,"17":0,"18":0,"19":0,"20":0,"21":0,"22":0,"23":0,"24":0,"25":0,"26":0,"27":0,"28":0,"29":0,"30":0,"31":0,"32":2,"33":0,"34":0,"35":0,"36":0,"37":0,"38":0,"39":0,"40":0,"41":0,"42":0,"43":0,"44":0,"45":0},"f":{"0":0,"1":0,"2":0,"3":1,"4":0,"5":0,"6":74,"7":0,"8":0},"b":{"0":[74,0],"1":[6,68],"2":[4,2],"3":[0,74],"4":[0,0],"5":[0,0],"6":[0,0],"7":[0,0],"8":[0,0,0,0,0]},"_coverageSchema":"1a1c01bbd47fc00a2c39e90264f33305004495a9","hash":"338d37bfaa8f859507bc4c13989048e9980c777b"}
,"D:\\Work\\ApplyAsignments\\Kasper\\calculator\\src\\utils\\index.tsx": {"path":"D:\\Work\\ApplyAsignments\\Kasper\\calculator\\src\\utils\\index.tsx","statementMap":{},"fnMap":{},"branchMap":{},"s":{},"f":{},"b":{},"_coverageSchema":"1a1c01bbd47fc00a2c39e90264f33305004495a9","hash":"8258b1821b84c6e87eb695f9efb7cb19fb0ce32a"}
}
