TN:
SF:src\App.tsx
FN:6,App
FNF:1
FNH:1
FNDA:1,App
DA:7,1
LF:1
LH:1
BRF:0
BRH:0
end_of_record
TN:
SF:src\index.tsx
FNF:0
FNH:0
DA:6,0
DA:7,0
DA:8,0
DA:9,0
LF:4
LH:0
BRDA:7,0,0,0
BRDA:7,0,1,0
BRF:2
BRH:0
end_of_record
TN:
SF:src\components\Calculator\index.tsx
FN:9,(anonymous_0)
FN:20,(anonymous_1)
FN:23,(anonymous_2)
FN:24,(anonymous_3)
FN:27,(anonymous_4)
FN:31,(anonymous_5)
FN:37,(anonymous_6)
FN:44,(anonymous_7)
FN:49,(anonymous_8)
FNF:9
FNH:9
FNDA:37,(anonymous_0)
FNDA:1,(anonymous_1)
FNDA:1,(anonymous_2)
FNDA:1,(anonymous_3)
FNDA:370,(anonymous_4)
FNDA:15,(anonymous_5)
FNDA:1,(anonymous_6)
FNDA:222,(anonymous_7)
FNDA:9,(anonymous_8)
DA:9,2
DA:10,37
DA:12,37
DA:20,1
DA:23,1
DA:24,1
DA:28,370
DA:31,15
DA:37,1
DA:45,222
DA:49,9
LF:11
LH:11
BRDA:20,0,0,1
BRDA:20,0,1,0
BRDA:21,1,0,27
BRDA:21,1,1,10
BRDA:45,2,0,185
BRDA:45,2,1,37
BRF:6
BRH:5
end_of_record
TN:
SF:src\components\CalculatorDislayKey\index.tsx
FN:8,(anonymous_0)
FN:15,(anonymous_1)
FNF:2
FNH:1
FNDA:50,(anonymous_0)
FNDA:0,(anonymous_1)
DA:8,3
DA:9,50
DA:11,50
DA:15,0
LF:4
LH:3
BRDA:8,0,0,0
BRDA:13,1,0,50
BRDA:13,1,1,0
BRF:3
BRH:1
end_of_record
TN:
SF:src\components\CalculatorDisplay\index.tsx
FN:10,(anonymous_0)
FN:16,(anonymous_1)
FN:43,(anonymous_2)
FNF:3
FNH:3
FNDA:37,(anonymous_0)
FNDA:37,(anonymous_1)
FNDA:49,(anonymous_2)
DA:10,2
DA:11,37
DA:12,37
DA:13,37
DA:16,37
DA:17,37
DA:18,37
DA:19,37
DA:20,37
DA:21,0
DA:22,37
DA:23,0
DA:27,37
DA:43,49
LF:14
LH:12
BRDA:10,0,0,0
BRDA:19,1,0,0
BRDA:19,1,1,37
BRDA:19,2,0,37
BRDA:19,2,1,0
BRDA:20,3,0,0
BRDA:20,3,1,37
BRDA:22,4,0,0
BRDA:22,4,1,37
BRF:9
BRH:4
end_of_record
TN:
SF:src\components\CalculatorKey\index.tsx
FN:11,(anonymous_0)
FNF:1
FNH:1
FNDA:706,(anonymous_0)
DA:11,3
DA:12,706
LF:2
LH:2
BRF:0
BRH:0
end_of_record
TN:
SF:src\hooks\index.ts
FNF:0
FNH:0
LF:0
LH:0
BRF:0
BRH:0
end_of_record
TN:
SF:src\hooks\useCalculator.ts
FN:6,(anonymous_0)
FN:9,(anonymous_1)
FN:17,(anonymous_2)
FN:65,(anonymous_3)
FN:68,(anonymous_4)
FNF:5
FNH:4
FNDA:37,(anonymous_0)
FNDA:28,(anonymous_1)
FNDA:0,(anonymous_2)
FNDA:37,(anonymous_3)
FNDA:37,(anonymous_4)
DA:6,2
DA:7,37
DA:9,37
DA:10,28
DA:11,24
DA:13,4
DA:17,37
DA:18,0
DA:19,0
DA:20,0
DA:24,0
DA:25,0
DA:26,0
DA:30,0
DA:31,0
DA:32,0
DA:35,0
DA:36,0
DA:37,0
DA:40,0
DA:41,0
DA:42,0
DA:45,0
DA:46,0
DA:47,0
DA:50,0
DA:51,0
DA:53,0
DA:54,0
DA:58,0
DA:65,37
DA:66,37
DA:68,37
DA:69,37
DA:73,37
LF:35
LH:12
BRDA:10,0,0,24
BRDA:10,0,1,4
BRDA:18,1,0,0
BRDA:18,1,1,0
BRDA:24,2,0,0
BRDA:24,2,1,0
BRDA:30,3,0,0
BRDA:30,3,1,0
BRDA:35,4,0,0
BRDA:35,4,1,0
BRDA:40,5,0,0
BRDA:40,5,1,0
BRDA:45,6,0,0
BRDA:45,6,1,0
BRDA:50,7,0,0
BRDA:50,7,1,0
BRDA:53,8,0,0
BRDA:53,8,1,0
BRF:18
BRH:2
end_of_record
TN:
SF:src\hooks\reducer\index.ts
FNF:0
FNH:0
LF:0
LH:0
BRF:0
BRH:0
end_of_record
TN:
SF:src\hooks\reducer\reducer.ts
FN:46,(anonymous_0)
FNF:1
FNH:1
FNDA:28,(anonymous_0)
DA:38,2
DA:46,2
DA:50,28
DA:52,15
DA:53,5
DA:60,10
DA:66,1
DA:67,0
DA:74,1
DA:82,1
DA:83,1
DA:84,1
DA:86,1
DA:92,0
DA:96,1
DA:98,1
DA:105,0
DA:111,1
DA:117,9
DA:119,9
DA:120,4
DA:121,4
DA:123,4
DA:124,4
DA:126,4
DA:127,4
DA:128,4
DA:129,4
DA:131,4
DA:140,0
DA:150,5
DA:151,1
DA:152,1
DA:154,1
DA:164,4
DA:174,0
DA:177,0
LF:37
LH:31
BRDA:50,0,0,15
BRDA:50,0,1,1
BRDA:50,0,2,1
BRDA:50,0,3,1
BRDA:50,0,4,0
BRDA:50,0,5,1
BRDA:50,0,6,9
BRDA:50,0,7,0
BRDA:50,0,8,0
BRDA:52,1,0,5
BRDA:52,1,1,10
BRDA:62,2,0,7
BRDA:62,2,1,3
BRDA:66,3,0,0
BRDA:66,3,1,1
BRDA:76,4,0,0
BRDA:76,4,1,1
BRDA:82,5,0,1
BRDA:82,5,1,0
BRDA:107,6,0,0
BRDA:107,6,1,0
BRDA:119,7,0,4
BRDA:119,7,1,5
BRDA:126,8,0,4
BRDA:126,8,1,1
BRDA:150,9,0,1
BRDA:150,9,1,4
BRDA:150,10,0,5
BRDA:150,10,1,1
BRDA:151,11,0,1
BRDA:151,11,1,0
BRF:31
BRH:22
end_of_record
TN:
SF:src\layouts\index.tsx
FN:4,Layout
FNF:1
FNH:1
FNDA:1,Layout
DA:5,1
LF:1
LH:1
BRF:0
BRH:0
end_of_record
TN:
SF:src\pages\History\index.tsx
FN:3,(anonymous_0)
FN:6,(anonymous_1)
FN:28,(anonymous_2)
FNF:3
FNH:3
FNDA:5,(anonymous_0)
FNDA:3,(anonymous_1)
FNDA:6,(anonymous_2)
DA:3,2
DA:4,5
DA:6,5
DA:7,3
DA:9,3
DA:10,2
DA:11,2
DA:12,8
DA:13,4
DA:17,2
DA:21,5
DA:29,6
LF:12
LH:12
BRDA:7,0,0,3
BRDA:7,0,1,0
BRDA:9,1,0,2
BRDA:9,1,1,1
BRDA:12,2,0,4
BRDA:12,2,1,4
BRDA:24,3,0,3
BRDA:24,3,1,2
BRF:8
BRH:7
end_of_record
TN:
SF:src\pages\Home\index.tsx
FN:4,Home
FNF:1
FNH:1
FNDA:1,Home
DA:5,1
LF:1
LH:1
BRF:0
BRH:0
end_of_record
TN:
SF:src\types\index.ts
FNF:0
FNH:0
LF:0
LH:0
BRF:0
BRH:0
end_of_record
TN:
SF:src\types\typings.d.ts
FNF:0
FNH:0
LF:0
LH:0
BRF:0
BRH:0
end_of_record
TN:
SF:src\utils\helpers.ts
FN:10,(anonymous_0)
FN:16,(anonymous_1)
FN:22,(anonymous_2)
FN:28,(anonymous_3)
FN:34,(anonymous_4)
FN:40,(anonymous_5)
FN:44,(anonymous_6)
FN:61,(anonymous_7)
FN:92,(anonymous_8)
FNF:9
FNH:2
FNDA:0,(anonymous_0)
FNDA:0,(anonymous_1)
FNDA:0,(anonymous_2)
FNDA:1,(anonymous_3)
FNDA:0,(anonymous_4)
FNDA:0,(anonymous_5)
FNDA:74,(anonymous_6)
FNDA:0,(anonymous_7)
FNDA:0,(anonymous_8)
DA:3,2
DA:5,2
DA:10,0
DA:16,0
DA:22,0
DA:28,1
DA:34,0
DA:40,0
DA:44,2
DA:45,74
DA:47,74
DA:52,74
DA:54,74
DA:55,6
DA:58,74
DA:61,2
DA:62,0
DA:64,0
DA:65,0
DA:66,0
DA:68,0
DA:69,0
DA:70,0
DA:71,0
DA:72,0
DA:73,0
DA:74,0
DA:76,0
DA:81,0
DA:82,0
DA:89,0
DA:92,2
DA:93,0
DA:94,0
DA:95,0
DA:96,0
DA:98,0
DA:100,0
DA:102,0
DA:104,0
DA:106,0
DA:107,0
DA:111,0
DA:113,0
LF:44
LH:12
BRDA:45,0,0,74
BRDA:45,0,1,0
BRDA:54,1,0,6
BRDA:54,1,1,68
BRDA:55,2,0,4
BRDA:55,2,1,2
BRDA:58,3,0,0
BRDA:58,3,1,74
BRDA:65,4,0,0
BRDA:65,4,1,0
BRDA:69,5,0,0
BRDA:69,5,1,0
BRDA:69,6,0,0
BRDA:69,6,1,0
BRDA:93,7,0,0
BRDA:93,7,1,0
BRDA:96,8,0,0
BRDA:96,8,1,0
BRDA:96,8,2,0
BRDA:96,8,3,0
BRDA:96,8,4,0
BRF:21
BRH:6
end_of_record
TN:
SF:src\utils\index.tsx
FNF:0
FNH:0
LF:0
LH:0
BRF:0
BRH:0
end_of_record
